<?xml version="1.0" encoding="UTF-8"?>
<!-- Generated by org.testng.reporters.JUnitReportReporter -->
<testsuite hostname="pc9" name="org.git.test.TestGitProject" tests="1" failures="0" timestamp="23 Aug 2017 05:15:55 GMT" time="0.014" errors="0">
  <testcase name="gitTestDemo" time="0.014" classname="org.git.test.TestGitProject"/>
</testsuite> <!-- org.git.test.TestGitProject -->
